<?xml version="1.0" encoding="UTF-8"?>
<!-- Generated by org.testng.reporters.JUnitReportReporter -->
<testsuite skipped="0" hostname="GGKU5DELL1123" name="TestCases.DeleteEmployee" tests="1" failures="0" timestamp="2020-08-26T10:41:38 IST" time="9.149" errors="0">
  <testcase name="deleteEmployee" time="9.149" classname="TestCases.DeleteEmployee"/>
  <system-out/>
</testsuite> <!-- TestCases.DeleteEmployee -->
