<?xml version="1.0" encoding="UTF-8"?>
<!-- Generated by org.testng.reporters.JUnitReportReporter -->
<testsuite skipped="0" hostname="GGKU5DELL1123" name="TestCases.TestUserRegistration" tests="1" failures="0" timestamp="2020-08-26T10:41:38 IST" time="93.098" errors="0">
  <testcase name="testUserRegistration" time="93.098" classname="TestCases.TestUserRegistration"/>
  <system-out/>
</testsuite> <!-- TestCases.TestUserRegistration -->
