<?xml version="1.0" encoding="UTF-8"?>
<!-- Generated by org.testng.reporters.JUnitReportReporter -->
<testsuite skipped="0" hostname="GGKU5DELL1123" name="TestCases.TestUserLogin" tests="4" failures="0" timestamp="2020-08-18T22:22:52 IST" time="29.135" errors="0">
  <testcase name="clickOnCreateNewUser" time="5.933" classname="TestCases.TestUserLogin"/>
  <system-out/>
  <testcase name="navigateToEmployeeDetails" time="1.413" classname="TestCases.TestUserLogin"/>
  <system-out/>
  <testcase name="fillRegistrationForm" time="15.358" classname="TestCases.TestUserLogin"/>
  <system-out/>
  <testcase name="testUserLogin" time="6.431" classname="TestCases.TestUserLogin"/>
  <system-out/>
</testsuite> <!-- TestCases.TestUserLogin -->
