<?xml version="1.0" encoding="UTF-8"?>
<!-- Generated by org.testng.reporters.JUnitReportReporter -->
<testsuite skipped="0" hostname="GGKU5DELL1123" name="Rought.SelectDate" tests="1" failures="0" timestamp="2020-08-19T17:15:02 IST" time="9.323" errors="0">
  <testcase name="browserConfiguration" time="9.323" classname="Rought.SelectDate"/>
  <system-out/>
</testsuite> <!-- Rought.SelectDate -->
