<?xml version="1.0" encoding="UTF-8"?>
<!-- Generated by org.testng.reporters.JUnitReportReporter -->
<testsuite skipped="0" hostname="GGKU5DELL1123" name="Utilities.SelectDate" tests="1" failures="0" timestamp="2020-08-20T18:42:55 IST" time="46.213" errors="0">
  <testcase name="browserLaunch" time="46.213" classname="Utilities.SelectDate"/>
  <system-out/>
</testsuite> <!-- Utilities.SelectDate -->
